<?xml version="1.0" encoding="UTF-8"?>
<!-- Generated by org.testng.reporters.JUnitXMLReporter -->
<testsuite hostname="webster02" ignored="0" name="Default test" tests="3" failures="0" timestamp="18 Dec 2017 04:36:27 GMT" time="34.786" errors="0">
  <testcase name="validate" time="5.152" classname="com.projectsupport.testing.LoginTest"/>
  <testcase name="validate" time="3.584" classname="com.projectsupport.testing.LoginTest"/>
  <testcase name="validate" time="3.765" classname="com.projectsupport.testing.LoginTest"/>
</testsuite> <!-- Default test -->
